{"contracts/Migrations.sol":{"l":{"9":0,"13":0,"17":0},"path":"/home/brenda/projects/bsc/tellorAccess/contracts/Migrations.sol","s":{"1":0,"2":0},"b":{"1":[0,0]},"f":{"1":0,"2":0},"fnMap":{"1":{"name":"restricted","line":8,"loc":{"start":{"line":8,"column":2},"end":{"line":14,"column":2}}},"2":{"name":"setCompleted","line":16,"loc":{"start":{"line":16,"column":2},"end":{"line":18,"column":2}}}},"statementMap":{"1":{"start":{"line":9,"column":4},"end":{"line":9,"column":201}},"2":{"start":{"line":17,"column":4},"end":{"line":17,"column":39}}},"branchMap":{"1":{"line":9,"type":"if","locations":[{"start":{"line":9,"column":4},"end":{"line":9,"column":4}},{"start":{"line":9,"column":4},"end":{"line":9,"column":4}}]}}},"contracts/TellorAccess.sol":{"l":{"10":0,"11":0,"13":0,"17":0,"21":0,"22":0,"24":0,"32":0,"33":0,"36":0,"37":0,"39":0,"43":0,"47":0,"48":0,"51":0,"55":0,"59":0,"60":0,"79":4,"80":4,"87":4,"88":2,"95":0,"96":0,"103":0,"111":2,"118":0,"125":0,"132":11,"139":9,"148":9,"149":3,"150":3,"151":3,"162":1,"172":0,"182":1,"183":1,"184":1},"path":"/home/brenda/projects/bsc/tellorAccess/contracts/TellorAccess.sol","s":{"1":0,"2":0,"3":0,"4":0,"5":0,"6":0,"7":0,"8":0,"9":0,"10":0,"11":0,"12":0,"13":0,"14":0,"15":0,"16":0,"17":0,"18":0,"19":0,"20":4,"21":4,"22":4,"23":0,"24":0,"25":2,"26":0,"27":0,"28":11,"29":9,"30":9,"31":3,"32":3,"33":3,"34":1,"35":0,"36":1,"37":1,"38":0,"39":1},"b":{"1":[0,0],"2":[0,0],"3":[0,0],"4":[0,0],"5":[0,0],"6":[0,0],"7":[2,2],"8":[0,0],"9":[3,6],"10":[0,1]},"f":{"1":0,"2":0,"3":0,"4":0,"5":0,"6":0,"7":0,"8":0,"9":4,"10":4,"11":0,"12":0,"13":2,"14":0,"15":0,"16":11,"17":9,"18":9,"19":1,"20":0,"21":1},"fnMap":{"1":{"name":"add","line":9,"loc":{"start":{"line":9,"column":4},"end":{"line":14,"column":4}}},"2":{"name":"sub","line":16,"loc":{"start":{"line":16,"column":4},"end":{"line":18,"column":4}}},"3":{"name":"sub","line":20,"loc":{"start":{"line":20,"column":4},"end":{"line":25,"column":4}}},"4":{"name":"mul","line":28,"loc":{"start":{"line":28,"column":4},"end":{"line":40,"column":4}}},"5":{"name":"div","line":42,"loc":{"start":{"line":42,"column":4},"end":{"line":44,"column":4}}},"6":{"name":"div","line":46,"loc":{"start":{"line":46,"column":4},"end":{"line":52,"column":4}}},"7":{"name":"mod","line":54,"loc":{"start":{"line":54,"column":4},"end":{"line":56,"column":4}}},"8":{"name":"mod","line":58,"loc":{"start":{"line":58,"column":4},"end":{"line":61,"column":4}}},"9":{"name":"constructor","line":78,"loc":{"start":{"line":78,"column":4},"end":{"line":81,"column":4}}},"10":{"name":"onlyAdmin","line":86,"loc":{"start":{"line":86,"column":4},"end":{"line":89,"column":4}}},"11":{"name":"onlyReporter","line":94,"loc":{"start":{"line":94,"column":4},"end":{"line":97,"column":4}}},"12":{"name":"addAdmin","line":102,"loc":{"start":{"line":102,"column":4},"end":{"line":104,"column":4}}},"13":{"name":"addReporter","line":110,"loc":{"start":{"line":110,"column":4},"end":{"line":112,"column":4}}},"14":{"name":"removeReporter","line":117,"loc":{"start":{"line":117,"column":4},"end":{"line":119,"column":4}}},"15":{"name":"renounceAdmin","line":124,"loc":{"start":{"line":124,"column":4},"end":{"line":126,"column":4}}},"16":{"name":"isAdmin","line":131,"loc":{"start":{"line":131,"column":4},"end":{"line":133,"column":4}}},"17":{"name":"isReporter","line":138,"loc":{"start":{"line":138,"column":4},"end":{"line":140,"column":4}}},"18":{"name":"submitValue","line":147,"loc":{"start":{"line":147,"column":4},"end":{"line":152,"column":4}}},"19":{"name":"retrieveData","line":161,"loc":{"start":{"line":161,"column":4},"end":{"line":163,"column":4}}},"20":{"name":"getNewValueCountbyRequestId","line":171,"loc":{"start":{"line":171,"column":4},"end":{"line":173,"column":4}}},"21":{"name":"getTimestampbyRequestIDandIndex","line":181,"loc":{"start":{"line":181,"column":4},"end":{"line":185,"column":4}}}},"statementMap":{"1":{"start":{"line":10,"column":8},"end":{"line":10,"column":25}},"2":{"start":{"line":11,"column":8},"end":{"line":11,"column":53}},"3":{"start":{"line":13,"column":8},"end":{"line":13,"column":16}},"4":{"start":{"line":17,"column":8},"end":{"line":17,"column":58}},"5":{"start":{"line":21,"column":8},"end":{"line":21,"column":36}},"6":{"start":{"line":22,"column":8},"end":{"line":22,"column":25}},"7":{"start":{"line":24,"column":8},"end":{"line":24,"column":16}},"8":{"start":{"line":32,"column":8},"end":{"line":32,"column":961}},"9":{"start":{"line":33,"column":12},"end":{"line":33,"column":20}},"10":{"start":{"line":36,"column":8},"end":{"line":36,"column":25}},"11":{"start":{"line":37,"column":8},"end":{"line":37,"column":63}},"12":{"start":{"line":39,"column":8},"end":{"line":39,"column":16}},"13":{"start":{"line":43,"column":8},"end":{"line":43,"column":54}},"14":{"start":{"line":47,"column":8},"end":{"line":47,"column":35}},"15":{"start":{"line":48,"column":8},"end":{"line":48,"column":25}},"16":{"start":{"line":51,"column":8},"end":{"line":51,"column":16}},"17":{"start":{"line":55,"column":8},"end":{"line":55,"column":52}},"18":{"start":{"line":59,"column":8},"end":{"line":59,"column":36}},"19":{"start":{"line":60,"column":8},"end":{"line":60,"column":20}},"20":{"start":{"line":79,"column":8},"end":{"line":79,"column":49}},"21":{"start":{"line":80,"column":8},"end":{"line":80,"column":55}},"22":{"start":{"line":87,"column":8},"end":{"line":87,"column":60}},"23":{"start":{"line":95,"column":8},"end":{"line":95,"column":66}},"24":{"start":{"line":103,"column":8},"end":{"line":103,"column":45}},"25":{"start":{"line":111,"column":8},"end":{"line":111,"column":40}},"26":{"start":{"line":118,"column":8},"end":{"line":118,"column":41}},"27":{"start":{"line":125,"column":8},"end":{"line":125,"column":51}},"28":{"start":{"line":132,"column":8},"end":{"line":132,"column":51}},"29":{"start":{"line":139,"column":8},"end":{"line":139,"column":46}},"30":{"start":{"line":148,"column":8},"end":{"line":148,"column":115}},"31":{"start":{"line":149,"column":8},"end":{"line":149,"column":51}},"32":{"start":{"line":150,"column":8},"end":{"line":150,"column":51}},"33":{"start":{"line":151,"column":8},"end":{"line":151,"column":58}},"34":{"start":{"line":162,"column":8},"end":{"line":162,"column":45}},"35":{"start":{"line":172,"column":8},"end":{"line":172,"column":44}},"36":{"start":{"line":182,"column":8},"end":{"line":182,"column":48}},"37":{"start":{"line":183,"column":8},"end":{"line":183,"column":45}},"38":{"start":{"line":183,"column":37},"end":{"line":183,"column":45}},"39":{"start":{"line":184,"column":8},"end":{"line":184,"column":44}}},"branchMap":{"1":{"line":11,"type":"if","locations":[{"start":{"line":11,"column":8},"end":{"line":11,"column":8}},{"start":{"line":11,"column":8},"end":{"line":11,"column":8}}]},"2":{"line":21,"type":"if","locations":[{"start":{"line":21,"column":8},"end":{"line":21,"column":8}},{"start":{"line":21,"column":8},"end":{"line":21,"column":8}}]},"3":{"line":32,"type":"if","locations":[{"start":{"line":32,"column":8},"end":{"line":32,"column":8}},{"start":{"line":32,"column":8},"end":{"line":32,"column":8}}]},"4":{"line":37,"type":"if","locations":[{"start":{"line":37,"column":8},"end":{"line":37,"column":8}},{"start":{"line":37,"column":8},"end":{"line":37,"column":8}}]},"5":{"line":47,"type":"if","locations":[{"start":{"line":47,"column":8},"end":{"line":47,"column":8}},{"start":{"line":47,"column":8},"end":{"line":47,"column":8}}]},"6":{"line":59,"type":"if","locations":[{"start":{"line":59,"column":8},"end":{"line":59,"column":8}},{"start":{"line":59,"column":8},"end":{"line":59,"column":8}}]},"7":{"line":87,"type":"if","locations":[{"start":{"line":87,"column":8},"end":{"line":87,"column":8}},{"start":{"line":87,"column":8},"end":{"line":87,"column":8}}]},"8":{"line":95,"type":"if","locations":[{"start":{"line":95,"column":8},"end":{"line":95,"column":8}},{"start":{"line":95,"column":8},"end":{"line":95,"column":8}}]},"9":{"line":148,"type":"if","locations":[{"start":{"line":148,"column":8},"end":{"line":148,"column":8}},{"start":{"line":148,"column":8},"end":{"line":148,"column":8}}]},"10":{"line":183,"type":"if","locations":[{"start":{"line":183,"column":8},"end":{"line":183,"column":8}},{"start":{"line":183,"column":8},"end":{"line":183,"column":8}}]}}}}