TN:
SF:/home/brenda/projects/bsc/tellorAccess/contracts/Migrations.sol
FN:8,restricted
FN:16,setCompleted
FNF:2
FNH:0
FNDA:0,restricted
FNDA:0,setCompleted
DA:9,0
DA:13,0
DA:17,0
LF:3
LH:0
BRDA:9,1,0,0
BRDA:9,1,1,0
BRF:2
BRH:0
end_of_record
TN:
SF:/home/brenda/projects/bsc/tellorAccess/contracts/TellorAccess.sol
FN:9,add
FN:16,sub
FN:20,sub
FN:28,mul
FN:42,div
FN:46,div
FN:54,mod
FN:58,mod
FN:78,constructor
FN:86,onlyAdmin
FN:94,onlyReporter
FN:102,addAdmin
FN:110,addReporter
FN:117,removeReporter
FN:124,renounceAdmin
FN:131,isAdmin
FN:138,isReporter
FN:147,submitValue
FN:161,retrieveData
FN:171,getNewValueCountbyRequestId
FN:181,getTimestampbyRequestIDandIndex
FNF:21
FNH:8
FNDA:0,add
FNDA:0,sub
FNDA:0,sub
FNDA:0,mul
FNDA:0,div
FNDA:0,div
FNDA:0,mod
FNDA:0,mod
FNDA:4,constructor
FNDA:4,onlyAdmin
FNDA:0,onlyReporter
FNDA:0,addAdmin
FNDA:2,addReporter
FNDA:0,removeReporter
FNDA:0,renounceAdmin
FNDA:11,isAdmin
FNDA:9,isReporter
FNDA:9,submitValue
FNDA:1,retrieveData
FNDA:0,getNewValueCountbyRequestId
FNDA:1,getTimestampbyRequestIDandIndex
DA:10,0
DA:11,0
DA:13,0
DA:17,0
DA:21,0
DA:22,0
DA:24,0
DA:32,0
DA:33,0
DA:36,0
DA:37,0
DA:39,0
DA:43,0
DA:47,0
DA:48,0
DA:51,0
DA:55,0
DA:59,0
DA:60,0
DA:79,4
DA:80,4
DA:87,4
DA:88,2
DA:95,0
DA:96,0
DA:103,0
DA:111,2
DA:118,0
DA:125,0
DA:132,11
DA:139,9
DA:148,9
DA:149,3
DA:150,3
DA:151,3
DA:162,1
DA:172,0
DA:182,1
DA:183,1
DA:184,1
LF:40
LH:15
BRDA:11,1,0,0
BRDA:11,1,1,0
BRDA:21,2,0,0
BRDA:21,2,1,0
BRDA:32,3,0,0
BRDA:32,3,1,0
BRDA:37,4,0,0
BRDA:37,4,1,0
BRDA:47,5,0,0
BRDA:47,5,1,0
BRDA:59,6,0,0
BRDA:59,6,1,0
BRDA:87,7,0,2
BRDA:87,7,1,2
BRDA:95,8,0,0
BRDA:95,8,1,0
BRDA:148,9,0,3
BRDA:148,9,1,6
BRDA:183,10,0,0
BRDA:183,10,1,1
BRF:20
BRH:5
end_of_record
